<?xml version="1.0" encoding="UTF-8"?>
<coverage generated="1629980293564" clover="3.2.0">
  <project timestamp="1629980293564" name="All files">
    <metrics statements="10" coveredstatements="6" conditionals="2" coveredconditionals="0" methods="6" coveredmethods="3" elements="18" coveredelements="9" complexity="0" loc="10" ncloc="10" packages="1" files="2" classes="2"/>
    <file name="intro.js" path="/home/user/Desktop/simple/01_intro/intro.js">
      <metrics statements="8" coveredstatements="4" conditionals="2" coveredconditionals="0" methods="5" coveredmethods="2"/>
      <line num="2" count="0" type="stmt"/>
      <line num="4" count="0" type="cond" truecount="0" falsecount="2"/>
      <line num="5" count="0" type="stmt"/>
      <line num="7" count="0" type="stmt"/>
      <line num="14" count="2" type="stmt"/>
      <line num="16" count="2" type="stmt"/>
      <line num="19" count="2" type="stmt"/>
      <line num="24" count="2" type="stmt"/>
    </file>
    <file name="subtract.js" path="/home/user/Desktop/simple/01_intro/subtract.js">
      <metrics statements="2" coveredstatements="2" conditionals="0" coveredconditionals="0" methods="1" coveredmethods="1"/>
      <line num="1" count="1" type="stmt"/>
      <line num="3" count="1" type="stmt"/>
    </file>
  </project>
</coverage>
